<?xml version="1.0" encoding="UTF-8"?>
<!-- Generated by org.testng.reporters.JUnitReportReporter -->
<testsuite hostname="DESKTOP-88K81C0" failures="0" tests="1" name="testcase.TestingFramework" time="17.427" errors="0" timestamp="2023-12-09T03:03:06 EET" skipped="0">
  <testcase classname="testcase.TestingFramework" name="DeleteCustomer" time="17.427"/>
  <system-out/>
</testsuite> <!-- testcase.TestingFramework -->
